<?xml version="1.0" encoding="UTF-8"?>
<!-- Generated by org.testng.reporters.JUnitXMLReporter -->
<testsuite hostname="DQAWLVAIBHAVD" tests="8" failures="0" timestamp="8 May 2017 07:51:56 GMT" time="84.404" errors="0">
  <testcase name="Verify_blank_mail" time="5.53" classname="Functional"/>
  <testcase name="Verify_blank_name" time="10.481" classname="Functional"/>
  <testcase name="Verify_country_code" time="6.239" classname="Functional"/>
  <testcase name="Verify_mail" time="6.197" classname="Functional"/>
  <testcase name="Verify_name" time="14.216" classname="Functional"/>
  <testcase name="Verify_updated_mail" time="0.579" classname="Functional"/>
  <testcase name="Verify_updated_name" time="0.215" classname="Functional"/>
  <testcase name="verify_blank_number" time="3.458" classname="Functional"/>
</testsuite>
