<?xml version="1.0" encoding="UTF-8"?>
<!-- Generated by org.testng.reporters.JUnitXMLReporter -->
<testsuite hostname="DQAWLVAIBHAVD" name="Test" tests="9" failures="2" timestamp="16 May 2017 13:59:49 GMT" time="13.739" errors="0">
  <testcase name="Verify_Neagtive_Login_Scenario" time="0.009" classname="Test.Login_Test">
    <failure type="java.lang.NullPointerException">
      <![CDATA[java.lang.NullPointerException
	at Repository.Login$Repository.Username(Login.java:12)
	at Test.Login_Test.Verify_Neagtive_Login_Scenario(Login_Test.java:18)
... Removed 24 stack frames]]>
    </failure>
  </testcase> <!-- Verify_Neagtive_Login_Scenario -->
  <testcase name="Verify_Positive_Login_Scenario" time="0.001" classname="Test.Login_Test">
    <failure type="java.lang.NullPointerException">
      <![CDATA[java.lang.NullPointerException
	at Repository.Login$Repository.Username(Login.java:12)
	at Test.Login_Test.Verify_Positive_Login_Scenario(Login_Test.java:35)
... Removed 24 stack frames]]>
    </failure>
  </testcase> <!-- Verify_Positive_Login_Scenario -->
  <testcase name="Verify_Go_To_Map_Btn" time="1.621" classname="Test.Splash_Menu_Test"/>
  <testcase name="verify_Menu_Btn" time="1.255" classname="Test.Splash_Menu_Test"/>
  <testcase name="verify_Menu_Item_1" time="1.427" classname="Test.Splash_Menu_Test"/>
  <testcase name="verify_Menu_Item_2" time="0.631" classname="Test.Splash_Menu_Test"/>
  <testcase name="verify_Menu_Item_3" time="0.508" classname="Test.Splash_Menu_Test"/>
  <testcase name="verify_Menu_Item_4" time="0.498" classname="Test.Splash_Menu_Test"/>
  <testcase name="Pre_condition" time="0.579" classname="Test.Splash_Menu_Test"/>
</testsuite> <!-- Test -->
