<?xml version="1.0" encoding="UTF-8"?>
<testng-results skipped="9" failed="0" total="9" passed="0">
  <reporter-output>
  </reporter-output>
  <suite name="Suite" duration-ms="20" started-at="2017-05-17T09:25:38Z" finished-at="2017-05-17T09:25:38Z">
    <groups>
    </groups>
    <test name="Splash" duration-ms="20" started-at="2017-05-17T09:25:38Z" finished-at="2017-05-17T09:25:38Z">
      <class name="Test.Splash_Menu_Test">
        <test-method status="FAIL" signature="setUp()[pri:0, instance:Test.Splash_Menu_Test@2ff4f00f]" name="setUp" is-config="true" duration-ms="0" started-at="2017-05-17T14:55:21Z" finished-at="2017-05-17T14:55:21Z">
          <exception class="org.openqa.selenium.SessionNotCreatedException">
            <message>
              <![CDATA[A new session could not be created. (Original error: 'java -version' failed. Error: Command failed: C:\windows\system32\cmd.exe /s /c "java -version"
Error: Could not create the Java Virtual Machine.
Error: A fatal exception has occurred. Program will exit.
) (WARNING: The server did not provide any stacktrace information)
Command duration or timeout: 0 milliseconds
Build info: version: 'unknown', revision: '1969d75', time: '2016-10-18 09:43:45 -0700'
System info: host: 'DQAWLVAIBHAVD', ip: '172.16.44.118', os.name: 'Windows 7', os.arch: 'amd64', os.version: '6.1', java.version: '1.8.0_121'
Driver info: driver.version: RemoteWebDriver]]>
            </message>
            <full-stacktrace>
              <![CDATA[org.openqa.selenium.SessionNotCreatedException: A new session could not be created. (Original error: 'java -version' failed. Error: Command failed: C:\windows\system32\cmd.exe /s /c "java -version"
Error: Could not create the Java Virtual Machine.
Error: A fatal exception has occurred. Program will exit.
) (WARNING: The server did not provide any stacktrace information)
Command duration or timeout: 0 milliseconds
Build info: version: 'unknown', revision: '1969d75', time: '2016-10-18 09:43:45 -0700'
System info: host: 'DQAWLVAIBHAVD', ip: '172.16.44.118', os.name: 'Windows 7', os.arch: 'amd64', os.version: '6.1', java.version: '1.8.0_121'
Driver info: driver.version: RemoteWebDriver
	at sun.reflect.NativeConstructorAccessorImpl.newInstance0(Native Method)
	at sun.reflect.NativeConstructorAccessorImpl.newInstance(Unknown Source)
	at sun.reflect.DelegatingConstructorAccessorImpl.newInstance(Unknown Source)
	at java.lang.reflect.Constructor.newInstance(Unknown Source)
	at org.openqa.selenium.remote.ErrorHandler.createThrowable(ErrorHandler.java:216)
	at org.openqa.selenium.remote.ErrorHandler.throwIfResponseFailed(ErrorHandler.java:168)
	at org.openqa.selenium.remote.ProtocolHandshake.createSession(ProtocolHandshake.java:161)
	at org.openqa.selenium.remote.ProtocolHandshake.createSession(ProtocolHandshake.java:64)
	at org.openqa.selenium.remote.HttpCommandExecutor.execute(HttpCommandExecutor.java:141)
	at org.openqa.selenium.remote.RemoteWebDriver.execute(RemoteWebDriver.java:601)
	at org.openqa.selenium.remote.RemoteWebDriver.startSession(RemoteWebDriver.java:241)
	at org.openqa.selenium.remote.RemoteWebDriver.<init>(RemoteWebDriver.java:128)
	at org.openqa.selenium.remote.RemoteWebDriver.<init>(RemoteWebDriver.java:155)
	at Generic.Launcher.setUp(Launcher.java:27)
	at sun.reflect.NativeMethodAccessorImpl.invoke0(Native Method)
	at sun.reflect.NativeMethodAccessorImpl.invoke(Unknown Source)
	at sun.reflect.DelegatingMethodAccessorImpl.invoke(Unknown Source)
	at java.lang.reflect.Method.invoke(Unknown Source)
	at org.testng.internal.MethodInvocationHelper.invokeMethod(MethodInvocationHelper.java:86)
	at org.testng.internal.Invoker.invokeConfigurationMethod(Invoker.java:514)
	at org.testng.internal.Invoker.invokeConfigurations(Invoker.java:215)
	at org.testng.internal.Invoker.invokeConfigurations(Invoker.java:142)
	at org.testng.SuiteRunner.privateRun(SuiteRunner.java:305)
	at org.testng.SuiteRunner.run(SuiteRunner.java:268)
	at org.testng.SuiteRunnerWorker.runSuite(SuiteRunnerWorker.java:52)
	at org.testng.SuiteRunnerWorker.run(SuiteRunnerWorker.java:86)
	at org.testng.TestNG.runSuitesSequentially(TestNG.java:1244)
	at org.testng.TestNG.runSuitesLocally(TestNG.java:1169)
	at org.testng.TestNG.run(TestNG.java:1064)
	at org.testng.remote.RemoteTestNG.run(RemoteTestNG.java:113)
	at org.testng.remote.RemoteTestNG.initAndRun(RemoteTestNG.java:206)
	at org.testng.remote.RemoteTestNG.main(RemoteTestNG.java:177)
]]>
            </full-stacktrace>
          </exception> <!-- org.openqa.selenium.SessionNotCreatedException -->
          <reporter-output>
          </reporter-output>
        </test-method> <!-- setUp -->
        <test-method status="SKIP" signature="Verify_Go_To_Map_Btn()[pri:1, instance:Test.Splash_Menu_Test@2ff4f00f]" name="Verify_Go_To_Map_Btn" duration-ms="0" started-at="2017-05-17T14:55:38Z" finished-at="2017-05-17T14:55:38Z">
          <reporter-output>
          </reporter-output>
        </test-method> <!-- Verify_Go_To_Map_Btn -->
        <test-method status="SKIP" signature="verify_Menu_Btn()[pri:2, instance:Test.Splash_Menu_Test@2ff4f00f]" name="verify_Menu_Btn" duration-ms="1" started-at="2017-05-17T14:55:38Z" finished-at="2017-05-17T14:55:38Z">
          <reporter-output>
          </reporter-output>
        </test-method> <!-- verify_Menu_Btn -->
        <test-method status="SKIP" signature="verify_Menu_Item_1()[pri:3, instance:Test.Splash_Menu_Test@2ff4f00f]" name="verify_Menu_Item_1" duration-ms="0" started-at="2017-05-17T14:55:38Z" finished-at="2017-05-17T14:55:38Z">
          <reporter-output>
          </reporter-output>
        </test-method> <!-- verify_Menu_Item_1 -->
        <test-method status="SKIP" signature="verify_Menu_Item_2()[pri:4, instance:Test.Splash_Menu_Test@2ff4f00f]" name="verify_Menu_Item_2" duration-ms="0" started-at="2017-05-17T14:55:38Z" finished-at="2017-05-17T14:55:38Z">
          <reporter-output>
          </reporter-output>
        </test-method> <!-- verify_Menu_Item_2 -->
        <test-method status="SKIP" signature="verify_Menu_Item_3()[pri:5, instance:Test.Splash_Menu_Test@2ff4f00f]" name="verify_Menu_Item_3" duration-ms="0" started-at="2017-05-17T14:55:38Z" finished-at="2017-05-17T14:55:38Z">
          <reporter-output>
          </reporter-output>
        </test-method> <!-- verify_Menu_Item_3 -->
        <test-method status="SKIP" signature="verify_Menu_Item_4()[pri:5, instance:Test.Splash_Menu_Test@2ff4f00f]" name="verify_Menu_Item_4" duration-ms="0" started-at="2017-05-17T14:55:38Z" finished-at="2017-05-17T14:55:38Z">
          <reporter-output>
          </reporter-output>
        </test-method> <!-- verify_Menu_Item_4 -->
        <test-method status="SKIP" signature="Pre_condition()[pri:6, instance:Test.Splash_Menu_Test@2ff4f00f]" name="Pre_condition" duration-ms="0" started-at="2017-05-17T14:55:38Z" finished-at="2017-05-17T14:55:38Z">
          <reporter-output>
          </reporter-output>
        </test-method> <!-- Pre_condition -->
        <test-method status="SKIP" signature="tearDown()[pri:0, instance:Test.Splash_Menu_Test@2ff4f00f]" name="tearDown" is-config="true" duration-ms="0" started-at="2017-05-17T14:55:38Z" finished-at="2017-05-17T14:55:38Z">
          <reporter-output>
          </reporter-output>
        </test-method> <!-- tearDown -->
      </class> <!-- Test.Splash_Menu_Test -->
      <class name="Test.Login_Test">
        <test-method status="SKIP" signature="Verify_Neagtive_Login_Scenario()[pri:0, instance:Test.Login_Test@c818063]" name="Verify_Neagtive_Login_Scenario" duration-ms="0" started-at="2017-05-17T14:55:38Z" finished-at="2017-05-17T14:55:38Z">
          <reporter-output>
          </reporter-output>
        </test-method> <!-- Verify_Neagtive_Login_Scenario -->
        <test-method status="SKIP" signature="Verify_Positive_Login_Scenario()[pri:0, instance:Test.Login_Test@c818063]" name="Verify_Positive_Login_Scenario" duration-ms="0" started-at="2017-05-17T14:55:38Z" finished-at="2017-05-17T14:55:38Z">
          <reporter-output>
          </reporter-output>
        </test-method> <!-- Verify_Positive_Login_Scenario -->
      </class> <!-- Test.Login_Test -->
    </test> <!-- Splash -->
  </suite> <!-- Suite -->
</testng-results>
