<?xml version="1.0" encoding="UTF-8"?>
<!-- Generated by org.testng.reporters.JUnitXMLReporter -->
<testsuite hostname="DQAWLVAIBHAVD" tests="9" failures="0" timestamp="5 May 2017 11:50:17 GMT" time="82.467" errors="0">
  <testcase name="Enter_number" time="18.753" classname="Functional"/>
  <testcase name="Verify_blank_mail" time="15.168" classname="Functional"/>
  <testcase name="Verify_blank_name" time="10.927" classname="Functional"/>
  <testcase name="Verify_country_code" time="0.046" classname="Functional"/>
  <testcase name="Verify_mail" time="4.795" classname="Functional"/>
  <testcase name="Verify_name" time="13.531" classname="Functional"/>
  <testcase name="Verify_updated_mail" time="0.707" classname="Functional"/>
  <testcase name="Verify_updated_name" time="0.077" classname="Functional"/>
  <testcase name="verify_blank_number" time="4.057" classname="Functional"/>
</testsuite>
