<?xml version="1.0" encoding="UTF-8"?>
<testng-results skipped="0" failed="1" total="1" passed="0">
  <reporter-output>
  </reporter-output>
  <suite name="Default suite" duration-ms="16809" started-at="2017-05-15T09:16:52Z" finished-at="2017-05-15T09:17:09Z">
    <groups>
    </groups>
    <test name="Default test" duration-ms="16809" started-at="2017-05-15T09:16:52Z" finished-at="2017-05-15T09:17:09Z">
      <class name="Test.Splash_Menu_test">
        <test-method status="PASS" signature="Initialize()[pri:0, instance:Test.Splash_Menu_test@5e025e70]" name="Initialize" is-config="true" duration-ms="16767" started-at="2017-05-15T14:46:52Z" finished-at="2017-05-15T14:47:09Z">
          <reporter-output>
          </reporter-output>
        </test-method> <!-- Initialize -->
        <test-method status="FAIL" signature="Splash_Page()[pri:0, instance:Test.Splash_Menu_test@5e025e70]" name="Splash_Page" duration-ms="15" started-at="2017-05-15T14:47:09Z" finished-at="2017-05-15T14:47:09Z">
          <exception class="java.lang.NullPointerException">
            <full-stacktrace>
              <![CDATA[java.lang.NullPointerException
	at Page_Objects.Splash_Menu$repository.Go_To_Map_btn(Splash_Menu.java:17)
	at Test.Splash_Menu_test.Splash_Page(Splash_Menu_test.java:23)
	at sun.reflect.NativeMethodAccessorImpl.invoke0(Native Method)
	at sun.reflect.NativeMethodAccessorImpl.invoke(Unknown Source)
	at sun.reflect.DelegatingMethodAccessorImpl.invoke(Unknown Source)
	at java.lang.reflect.Method.invoke(Unknown Source)
	at org.testng.internal.MethodInvocationHelper.invokeMethod(MethodInvocationHelper.java:86)
	at org.testng.internal.Invoker.invokeMethod(Invoker.java:645)
	at org.testng.internal.Invoker.invokeTestMethod(Invoker.java:822)
	at org.testng.internal.Invoker.invokeTestMethods(Invoker.java:1130)
	at org.testng.internal.TestMethodWorker.invokeTestMethods(TestMethodWorker.java:129)
	at org.testng.internal.TestMethodWorker.run(TestMethodWorker.java:112)
	at org.testng.TestRunner.privateRun(TestRunner.java:782)
	at org.testng.TestRunner.run(TestRunner.java:632)
	at org.testng.SuiteRunner.runTest(SuiteRunner.java:366)
	at org.testng.SuiteRunner.runSequentially(SuiteRunner.java:361)
	at org.testng.SuiteRunner.privateRun(SuiteRunner.java:319)
	at org.testng.SuiteRunner.run(SuiteRunner.java:268)
	at org.testng.SuiteRunnerWorker.runSuite(SuiteRunnerWorker.java:52)
	at org.testng.SuiteRunnerWorker.run(SuiteRunnerWorker.java:86)
	at org.testng.TestNG.runSuitesSequentially(TestNG.java:1244)
	at org.testng.TestNG.runSuitesLocally(TestNG.java:1169)
	at org.testng.TestNG.run(TestNG.java:1064)
	at org.testng.remote.RemoteTestNG.run(RemoteTestNG.java:113)
	at org.testng.remote.RemoteTestNG.initAndRun(RemoteTestNG.java:206)
	at org.testng.remote.RemoteTestNG.main(RemoteTestNG.java:177)
]]>
            </full-stacktrace>
          </exception> <!-- java.lang.NullPointerException -->
          <reporter-output>
          </reporter-output>
        </test-method> <!-- Splash_Page -->
      </class> <!-- Test.Splash_Menu_test -->
    </test> <!-- Default test -->
  </suite> <!-- Default suite -->
</testng-results>
